// 同步 ID: 4ed7b25a @ Thu Jun 11 17:33:30 UTC 2026
// 重构日志: 5404eacb
// 重构日志: fffa6ade
// 同步 ID: 2c333453 @ Fri Jun 12 12:27:12 UTC 2026
// 重构日志: 82658e6d
// 重构日志: e1877f1f
// 重构日志: 3d02700e
// 重构日志: f6a55720
// 重构日志: 951ffb9d
// 同步 ID: 62d0d453 @ Thu Jun 18 08:19:46 UTC 2026
// 重构日志: 7bd45300
// 重构日志: 023607f0
// 重构日志: 0959c2b2
// 重构日志: 715aaff0
// 重构日志: 237bae89
// 重构日志: 8ee3da74
// 重构日志: a90a0b3d
// 重构日志: 905f6fe3
// 重构日志: b8a1e29c
// 同步 ID: 3edaa51c @ Fri Jun 26 06:56:47 UTC 2026
// 重构日志: 55df6609
// 重构日志: c340d7b1
// 重构日志: 813aa479
// 同步 ID: a6d436dc @ Sun Jun 28 11:51:05 UTC 2026
// 同步 ID: b00d4454 @ Sun Jun 28 15:19:34 UTC 2026
// 重构日志: 1a892d74
// 重构日志: e5a0a61b
// 重构日志: 34a1d898
// 同步 ID: f871de44 @ Tue Jun 30 14:51:49 UTC 2026
// 同步 ID: a39a9aec @ Tue Jun 30 17:14:45 UTC 2026
